This is e-pTeX, Version 3.14159265-p3.7.2-170924-2.6 (utf8.sjis) (TeX Live 2017/W32TeX) (preloaded format=platex 2017.12.25)  5 AUG 2019 13:15
entering extended mode
 restricted \write18 enabled.
 %&-line parsing enabled.
**./2019_05_022eport.tex
(./2019_05_022eport.tex
pLaTeX2e <2017/10/28>+3 (based on LaTeX2e <2017-04-15>)
Babel <3.15> and hyphenation patterns for 84 language(s) loaded.
(d:/tex/share/texmf-dist/tex/platex/base/jarticle.cls
Document Class: jarticle 2017/09/19 v1.7g Standard pLaTeX class
\c@@paper=\count82
(d:/tex/share/texmf-dist/tex/platex/base/jsize10.clo
File: jsize10.clo 2017/09/19 v1.7g Standard pLaTeX file (size option)
)
\c@part=\count83
\c@section=\count84
\c@subsection=\count85
\c@subsubsection=\count86
\c@paragraph=\count87
\c@subparagraph=\count88
\c@figure=\count89
\c@table=\count90
\abovecaptionskip=\skip41
\belowcaptionskip=\skip42
\symmincho=\mathgroup4
LaTeX Font Info:    Overwriting symbol font `mincho' in version `bold'
(Font)                  JY1/mc/m/n --> JY1/gt/m/n on input line 613.
\toclineskip=\dimen118
\@lnumwidth=\dimen119
\bibindent=\dimen120
\heisei=\count91
) (./Resume.sty
**************************************************
 田中研究室 前刷り用スタイルファイル　　　
 ver.03.03.14　　　　　　　　　by T.Koyama
**************************************************
(d:/tex/share/texmf-dist/tex/platex/base/ascmac.sty
Package: ascmac 2017/12/17 v2.0f ascmac wrapper (community edition) 

(d:/tex/share/texmf-dist/tex/platex/base/tascmac.sty
Package: tascmac 2017/12/17 v2.0f ascmac package (community edition) 
\@savetbaselineshift=\dimen121
\@saveybaselineshift=\dimen122
\scb@x=\box42
\scscb@x=\box43
\@bw=\dimen123
\@nbox=\box44
\@nbody=\box45
\@scw=\dimen124
\@itemh=\dimen125
\@iboxpos=\toks15
\@iboxstr=\box46
\@bwsp=\box47
\@@bwsp=\box48
\@bcal=\count92
\shaderule=\dimen126
)))
(d:/tex/share/texmf-dist/tex/latex/graphics/color.sty
Package: color 2016/07/10 v1.1e Standard LaTeX Color (DPC)

(d:/tex/share/texmf-dist/tex/latex/graphics-cfg/color.cfg
File: color.cfg 2016/01/02 v1.6 sample color configuration
)
Package color Info: Driver file: dvipdfmx.def on input line 147.

(d:/tex/share/texmf-dist/tex/latex/graphics-def/dvipdfmx.def
File: dvipdfmx.def 2017/06/24 v5.0g Graphics/color driver for dvipdfmx
)
(d:/tex/share/texmf-dist/tex/latex/graphics/dvipsnam.def
File: dvipsnam.def 2016/06/17 v3.0m Driver-dependent file (DPC,SPQR)
))
(d:/tex/share/texmf-dist/tex/latex/graphics/graphicx.sty
Package: graphicx 2017/06/01 v1.1a Enhanced LaTeX Graphics (DPC,SPQR)

(d:/tex/share/texmf-dist/tex/latex/graphics/keyval.sty
Package: keyval 2014/10/28 v1.15 key=value parser (DPC)
\KV@toks@=\toks16
)
(d:/tex/share/texmf-dist/tex/latex/graphics/graphics.sty
Package: graphics 2017/06/25 v1.2c Standard LaTeX Graphics (DPC,SPQR)

(d:/tex/share/texmf-dist/tex/latex/graphics/trig.sty
Package: trig 2016/01/03 v1.10 sin cos tan (DPC)
)
(d:/tex/share/texmf-dist/tex/latex/graphics-cfg/graphics.cfg
File: graphics.cfg 2016/06/04 v1.11 sample graphics configuration
)
Package graphics Info: Driver file: dvipdfmx.def on input line 99.
)
\Gin@req@height=\dimen127
\Gin@req@width=\dimen128
)
(d:/tex/share/texmf-dist/tex/latex/slashbox/slashbox.sty
slashbox style by K.Yasuoka, May 1993.
\@slashboxa=\box49
\@slashboxb=\box50
\@slashboxc=\box51
\@slashboxwd=\count93
\@slashboxht=\count94
\@slashsepl=\dimen129
\@slashsepr=\dimen130
) (d:/tex/share/texmf-dist/tex/latex/amsmath/amsmath.sty
Package: amsmath 2017/09/02 v2.17a AMS math features
\@mathmargin=\skip43

For additional information on amsmath, use the `?' option.
(d:/tex/share/texmf-dist/tex/latex/amsmath/amstext.sty
Package: amstext 2000/06/29 v2.01 AMS text

(d:/tex/share/texmf-dist/tex/latex/amsmath/amsgen.sty
File: amsgen.sty 1999/11/30 v2.0 generic functions
\@emptytoks=\toks17
\ex@=\dimen131
))
(d:/tex/share/texmf-dist/tex/latex/amsmath/amsbsy.sty
Package: amsbsy 1999/11/29 v1.2d Bold Symbols
\pmbraise@=\dimen132
)
(d:/tex/share/texmf-dist/tex/latex/amsmath/amsopn.sty
Package: amsopn 2016/03/08 v2.02 operator names
)
\inf@bad=\count95
LaTeX Info: Redefining \frac on input line 213.
\uproot@=\count96
\leftroot@=\count97
LaTeX Info: Redefining \overline on input line 375.
\classnum@=\count98
\DOTSCASE@=\count99
LaTeX Info: Redefining \ldots on input line 472.
LaTeX Info: Redefining \dots on input line 475.
LaTeX Info: Redefining \cdots on input line 596.
\Mathstrutbox@=\box52
\strutbox@=\box53
\big@size=\dimen133
LaTeX Font Info:    Redeclaring font encoding OML on input line 712.
LaTeX Font Info:    Redeclaring font encoding OMS on input line 713.
\macc@depth=\count100
\c@MaxMatrixCols=\count101
\dotsspace@=\muskip10
\c@parentequation=\count102
\dspbrk@lvl=\count103
\tag@help=\toks18
\row@=\count104
\column@=\count105
\maxfields@=\count106
\andhelp@=\toks19
\eqnshift@=\dimen134
\alignsep@=\dimen135
\tagshift@=\dimen136
\tagwidth@=\dimen137
\totwidth@=\dimen138
\lineht@=\dimen139
\@envbody=\toks20
\multlinegap=\skip44
\multlinetaggap=\skip45
\mathdisplay@stack=\toks21
LaTeX Info: Redefining \[ on input line 2817.
LaTeX Info: Redefining \] on input line 2818.
)
(d:/tex/share/texmf-dist/tex/latex/textgreek/textgreek.sty
Package: textgreek 2011/10/09 v0.7 Greek symbols in text
Package textgreek Info: Loading the definitions for the Greek fontencoding. on 
input line 39.

(d:/tex/share/texmf-dist/tex/latex/greek-fontenc/lgrenc.def
File: lgrenc.def 2015/12/07 v0.13.1 LGR Greek font encoding definitions

(d:/tex/share/texmf-dist/tex/latex/greek-fontenc/greek-fontenc.def
File: greek-fontenc.def 2015/08/04 v0.13 Common Greek font encoding definitions

))
Package textgreek Info: Loaded fontmap: {eur/*/*}{U/eur/*/*} {phv/*/*}{U/psy/*/
*}. on input line 69.
)
(d:/tex/share/texmf-dist/tex/platex/base/nidanfloat.sty
Package: nidanfloat 2017/05/01 v2.8 Put double-floats at top/bottom within twoc
olumn mode
\c@dblbotnumber=\count107
\@dblbotroom=\dimen140
\@dblbotnum=\count108
\@floatht=\dimen141
\@fixht=\dimen142
\@rightfixht=\dimen143
\@combinebox=\box54
)
(./2019_05_022eport.aux)
\openout1 = `2019_05_022eport.aux'.

LaTeX Font Info:    Checking defaults for OML/cmm/m/it on input line 20.
LaTeX Font Info:    ... okay on input line 20.
LaTeX Font Info:    Checking defaults for T1/cmr/m/n on input line 20.
LaTeX Font Info:    ... okay on input line 20.
LaTeX Font Info:    Checking defaults for OT1/cmr/m/n on input line 20.
LaTeX Font Info:    ... okay on input line 20.
LaTeX Font Info:    Checking defaults for OMS/cmsy/m/n on input line 20.
LaTeX Font Info:    ... okay on input line 20.
LaTeX Font Info:    Checking defaults for OMX/cmex/m/n on input line 20.
LaTeX Font Info:    ... okay on input line 20.
LaTeX Font Info:    Checking defaults for U/cmr/m/n on input line 20.
LaTeX Font Info:    ... okay on input line 20.
LaTeX Font Info:    Checking defaults for JY1/mc/m/n on input line 20.
LaTeX Font Info:    ... okay on input line 20.
LaTeX Font Info:    Checking defaults for JT1/mc/m/n on input line 20.
LaTeX Font Info:    ... okay on input line 20.
LaTeX Font Info:    Checking defaults for LGR/cmr/m/n on input line 20.
LaTeX Font Info:    Try loading font information for LGR+cmr on input line 20.

(d:/tex/share/texmf-dist/tex/latex/cbfonts-fd/lgrcmr.fd
File: lgrcmr.fd 2017/07/29 v1.2 Greek European Computer Regular
)
LaTeX Font Info:    ... okay on input line 20.
LaTeX Font Info:    Font shape `JT1/mc/bx/n' in size <14.4> not available
(Font)              Font shape `JT1/gt/m/n' tried instead on input line 44.
LaTeX Font Info:    Font shape `JY1/mc/bx/n' in size <14.4> not available
(Font)              Font shape `JY1/gt/m/n' tried instead on input line 44.
LaTeX Font Info:    Font shape `JT1/mc/bx/n' in size <12> not available
(Font)              Font shape `JT1/gt/m/n' tried instead on input line 45.
LaTeX Font Info:    Font shape `JY1/mc/bx/n' in size <12> not available
(Font)              Font shape `JY1/gt/m/n' tried instead on input line 45.

Overfull \hbox (39.14006pt too wide) in paragraph at lines 52--62
 [][][][] 
 []

File: ./fig/position_control_origin.png Graphic file (type bmp)
<./fig/position_control_origin.png>
File: ./fig/point_to_point.png Graphic file (type bmp)
<./fig/point_to_point.png>

LaTeX Warning: `h' float specifier changed to `ht'.

[1


] (./2019_05_022eport.aux) ) 
Here is how much of TeX's memory you used:
 2408 strings out of 493629
 35215 string characters out of 6150198
 94978 words of memory out of 5000000
 6003 multiletter control sequences out of 15000+600000
 10197 words of font info for 42 fonts, out of 8000000 for 9000
 929 hyphenation exceptions out of 8191
 27i,10n,21p,904b,333s stack positions out of 5000i,500n,10000p,500000b,80000s

Output written on 2019_05_022eport.dvi (1 page, 7444 bytes).
