This is e-pTeX, Version 3.14159265-p3.7.2-170924-2.6 (utf8.sjis) (TeX Live 2017/W32TeX) (preloaded format=platex 2017.12.25)  4 JUN 2019 15:53
entering extended mode
 restricted \write18 enabled.
 %&-line parsing enabled.
**./Resume.tex
(./Resume.tex
pLaTeX2e <2017/10/28>+3 (based on LaTeX2e <2017-04-15>)
Babel <3.15> and hyphenation patterns for 84 language(s) loaded.
(d:/tex/share/texmf-dist/tex/platex/base/jarticle.cls
Document Class: jarticle 2017/09/19 v1.7g Standard pLaTeX class
\c@@paper=\count82
(d:/tex/share/texmf-dist/tex/platex/base/jsize10.clo
File: jsize10.clo 2017/09/19 v1.7g Standard pLaTeX file (size option)
)
\c@part=\count83
\c@section=\count84
\c@subsection=\count85
\c@subsubsection=\count86
\c@paragraph=\count87
\c@subparagraph=\count88
\c@figure=\count89
\c@table=\count90
\abovecaptionskip=\skip41
\belowcaptionskip=\skip42
\symmincho=\mathgroup4
LaTeX Font Info:    Overwriting symbol font `mincho' in version `bold'
(Font)                  JY1/mc/m/n --> JY1/gt/m/n on input line 613.
\toclineskip=\dimen118
\@lnumwidth=\dimen119
\bibindent=\dimen120
\heisei=\count91
) (./Resume.sty
**************************************************
 田中研究室 前刷り用スタイルファイル　　　
 ver.03.03.14　　　　　　　　　by T.Koyama
**************************************************
(d:/tex/share/texmf-dist/tex/platex/base/ascmac.sty
Package: ascmac 2017/12/17 v2.0f ascmac wrapper (community edition) 

(d:/tex/share/texmf-dist/tex/platex/base/tascmac.sty
Package: tascmac 2017/12/17 v2.0f ascmac package (community edition) 
\@savetbaselineshift=\dimen121
\@saveybaselineshift=\dimen122
\scb@x=\box42
\scscb@x=\box43
\@bw=\dimen123
\@nbox=\box44
\@nbody=\box45
\@scw=\dimen124
\@itemh=\dimen125
\@iboxpos=\toks15
\@iboxstr=\box46
\@bwsp=\box47
\@@bwsp=\box48
\@bcal=\count92
\shaderule=\dimen126
)))
(d:/tex/share/texmf-dist/tex/latex/graphics/color.sty
Package: color 2016/07/10 v1.1e Standard LaTeX Color (DPC)

(d:/tex/share/texmf-dist/tex/latex/graphics-cfg/color.cfg
File: color.cfg 2016/01/02 v1.6 sample color configuration
)
Package color Info: Driver file: dvipdfmx.def on input line 147.

(d:/tex/share/texmf-dist/tex/latex/graphics-def/dvipdfmx.def
File: dvipdfmx.def 2017/06/24 v5.0g Graphics/color driver for dvipdfmx
)
(d:/tex/share/texmf-dist/tex/latex/graphics/dvipsnam.def
File: dvipsnam.def 2016/06/17 v3.0m Driver-dependent file (DPC,SPQR)
))
(d:/tex/share/texmf-dist/tex/latex/graphics/graphicx.sty
Package: graphicx 2017/06/01 v1.1a Enhanced LaTeX Graphics (DPC,SPQR)

(d:/tex/share/texmf-dist/tex/latex/graphics/keyval.sty
Package: keyval 2014/10/28 v1.15 key=value parser (DPC)
\KV@toks@=\toks16
)
(d:/tex/share/texmf-dist/tex/latex/graphics/graphics.sty
Package: graphics 2017/06/25 v1.2c Standard LaTeX Graphics (DPC,SPQR)

(d:/tex/share/texmf-dist/tex/latex/graphics/trig.sty
Package: trig 2016/01/03 v1.10 sin cos tan (DPC)
)
(d:/tex/share/texmf-dist/tex/latex/graphics-cfg/graphics.cfg
File: graphics.cfg 2016/06/04 v1.11 sample graphics configuration
)
Package graphics Info: Driver file: dvipdfmx.def on input line 99.
)
\Gin@req@height=\dimen127
\Gin@req@width=\dimen128
) (./Resume.aux)
\openout1 = `Resume.aux'.

LaTeX Font Info:    Checking defaults for OML/cmm/m/it on input line 17.
LaTeX Font Info:    ... okay on input line 17.
LaTeX Font Info:    Checking defaults for T1/cmr/m/n on input line 17.
LaTeX Font Info:    ... okay on input line 17.
LaTeX Font Info:    Checking defaults for OT1/cmr/m/n on input line 17.
LaTeX Font Info:    ... okay on input line 17.
LaTeX Font Info:    Checking defaults for OMS/cmsy/m/n on input line 17.
LaTeX Font Info:    ... okay on input line 17.
LaTeX Font Info:    Checking defaults for OMX/cmex/m/n on input line 17.
LaTeX Font Info:    ... okay on input line 17.
LaTeX Font Info:    Checking defaults for U/cmr/m/n on input line 17.
LaTeX Font Info:    ... okay on input line 17.
LaTeX Font Info:    Checking defaults for JY1/mc/m/n on input line 17.
LaTeX Font Info:    ... okay on input line 17.
LaTeX Font Info:    Checking defaults for JT1/mc/m/n on input line 17.
LaTeX Font Info:    ... okay on input line 17.
LaTeX Font Info:    External font `cmex10' loaded for size
(Font)              <7> on input line 33.
LaTeX Font Info:    External font `cmex10' loaded for size
(Font)              <5> on input line 33.
LaTeX Font Info:    Font shape `JT1/mc/bx/n' in size <14.4> not available
(Font)              Font shape `JT1/gt/m/n' tried instead on input line 40.
LaTeX Font Info:    Font shape `JY1/mc/bx/n' in size <14.4> not available
(Font)              Font shape `JY1/gt/m/n' tried instead on input line 40.
File: Fig.eps Graphic file (type eps)
<Fig.eps>

[1


] (./Resume.aux) ) 
Here is how much of TeX's memory you used:
 929 strings out of 493629
 11724 string characters out of 6150198
 75321 words of memory out of 5000000
 4564 multiletter control sequences out of 15000+600000
 10068 words of font info for 42 fonts, out of 8000000 for 9000
 929 hyphenation exceptions out of 8191
 26i,10n,21p,222b,324s stack positions out of 5000i,500n,10000p,500000b,80000s

Output written on Resume.dvi (1 page, 5912 bytes).
